This file contains any messages produced by compilers while
running configure, to aid debugging if configure makes a mistake.

It was created by libbgpdump configure 1.4, which was
generated by GNU Autoconf 2.57.  Invocation command line was

  $ ./configure 

## --------- ##
## Platform. ##
## --------- ##

hostname = risadmin
uname -m = i686
uname -r = 2.4.26
uname -s = Linux
uname -v = #6 SMP Tue May 25 12:16:44 UTC 2004

/usr/bin/uname -p = unknown
/bin/uname -X     = unknown

/bin/arch              = i686
/usr/bin/arch -k       = unknown
/usr/convex/getsysinfo = unknown
hostinfo               = unknown
/bin/machine           = unknown
/usr/bin/oslevel       = unknown
/bin/universe          = unknown

PATH: /usr/local/bin
PATH: /usr/bin
PATH: /bin
PATH: /usr/bin/X11
PATH: /usr/games


## ----------- ##
## Core tests. ##
## ----------- ##

configure:1328: checking for gcc
configure:1344: found /usr/bin/gcc
configure:1354: result: gcc
configure:1598: checking for C compiler version
configure:1601: gcc --version </dev/null >&5
gcc (GCC) 3.2.1 20020924 (Debian prerelease)
Copyright (C) 2002 Free Software Foundation, Inc.
This is free software; see the source for copying conditions.  There is NO
warranty; not even for MERCHANTABILITY or FITNESS FOR A PARTICULAR PURPOSE.

configure:1604: $? = 0
configure:1606: gcc -v </dev/null >&5
Reading specs from /usr/lib/gcc-lib/i386-linux/3.2.1/specs
Configured with: /mnt/data/gcc-3.1/gcc-3.2-3.2.1ds2/src/configure -v --enable-languages=c,c++,java,f77,proto,objc,ada --prefix=/usr --mandir=/usr/share/man --infodir=/usr/share/info --with-gxx-include-dir=/usr/include/c++/3.2 --enable-shared --with-system-zlib --enable-nls --without-included-gettext --enable-java-gc=boehm --enable-objc-gc i386-linux
Thread model: posix
gcc version 3.2.1 20020924 (Debian prerelease)
configure:1609: $? = 0
configure:1611: gcc -V </dev/null >&5
gcc: argument to `-V' is missing
configure:1614: $? = 1
configure:1638: checking for C compiler default output
configure:1641: gcc  -Wall -Wcast-align -O3   conftest.c  >&5
configure:1644: $? = 0
configure:1690: result: a.out
configure:1695: checking whether the C compiler works
configure:1701: ./a.out
configure:1704: $? = 0
configure:1721: result: yes
configure:1728: checking whether we are cross compiling
configure:1730: result: no
configure:1733: checking for suffix of executables
configure:1735: gcc -o conftest  -Wall -Wcast-align -O3   conftest.c  >&5
configure:1738: $? = 0
configure:1763: result: 
configure:1769: checking for suffix of object files
configure:1791: gcc -c  -Wall -Wcast-align -O3  conftest.c >&5
configure:1794: $? = 0
configure:1816: result: o
configure:1820: checking whether we are using the GNU C compiler
configure:1845: gcc -c  -Wall -Wcast-align -O3  conftest.c >&5
configure:1848: $? = 0
configure:1851: test -s conftest.o
configure:1854: $? = 0
configure:1867: result: yes
configure:1873: checking whether gcc accepts -g
configure:1895: gcc -c -g  conftest.c >&5
configure:1898: $? = 0
configure:1901: test -s conftest.o
configure:1904: $? = 0
configure:1915: result: yes
configure:1932: checking for gcc option to accept ANSI C
configure:1993: gcc  -c  -Wall -Wcast-align -O3  conftest.c >&5
configure:1996: $? = 0
configure:1999: test -s conftest.o
configure:2002: $? = 0
configure:2020: result: none needed
configure:2038: gcc -c  -Wall -Wcast-align -O3  conftest.c >&5
conftest.c:2: parse error before "me"
configure:2041: $? = 1
configure: failed program was:
| #ifndef __cplusplus
|   choke me
| #endif
configure:2191: checking for ranlib
configure:2207: found /usr/bin/ranlib
configure:2218: result: ranlib
configure:2232: checking for ar
configure:2250: found /usr/bin/ar
configure:2262: result: /usr/bin/ar
configure:2324: checking how to run the C preprocessor
configure:2360: gcc -E  conftest.c
configure:2366: $? = 0
configure:2398: gcc -E  conftest.c
configure:2397:28: ac_nonexistent.h: No such file or directory
configure:2404: $? = 1
configure: failed program was:
| #line 2389 "configure"
| /* confdefs.h.  */
| 
| #define PACKAGE_NAME "libbgpdump"
| #define PACKAGE_TARNAME "libbgpdump"
| #define PACKAGE_VERSION "1.4"
| #define PACKAGE_STRING "libbgpdump 1.4"
| #define PACKAGE_BUGREPORT "ris@ripe.net"
| /* end confdefs.h.  */
| #include <ac_nonexistent.h>
configure:2442: result: gcc -E
configure:2467: gcc -E  conftest.c
configure:2473: $? = 0
configure:2505: gcc -E  conftest.c
configure:2504:28: ac_nonexistent.h: No such file or directory
configure:2511: $? = 1
configure: failed program was:
| #line 2496 "configure"
| /* confdefs.h.  */
| 
| #define PACKAGE_NAME "libbgpdump"
| #define PACKAGE_TARNAME "libbgpdump"
| #define PACKAGE_VERSION "1.4"
| #define PACKAGE_STRING "libbgpdump 1.4"
| #define PACKAGE_BUGREPORT "ris@ripe.net"
| /* end confdefs.h.  */
| #include <ac_nonexistent.h>
configure:2554: checking for egrep
configure:2564: result: grep -E
configure:2569: checking for ANSI C header files
configure:2595: gcc -c  -Wall -Wcast-align -O3  conftest.c >&5
configure:2598: $? = 0
configure:2601: test -s conftest.o
configure:2604: $? = 0
configure:2693: gcc -o conftest  -Wall -Wcast-align -O3   conftest.c  >&5
configure: In function `main':
configure:2689: warning: implicit declaration of function `exit'
configure:2696: $? = 0
configure:2698: ./conftest
configure:2701: $? = 0
configure:2716: result: yes
configure:2740: checking for sys/types.h
configure:2757: gcc -c  -Wall -Wcast-align -O3  conftest.c >&5
configure:2760: $? = 0
configure:2763: test -s conftest.o
configure:2766: $? = 0
configure:2777: result: yes
configure:2740: checking for sys/stat.h
configure:2757: gcc -c  -Wall -Wcast-align -O3  conftest.c >&5
configure:2760: $? = 0
configure:2763: test -s conftest.o
configure:2766: $? = 0
configure:2777: result: yes
configure:2740: checking for stdlib.h
configure:2757: gcc -c  -Wall -Wcast-align -O3  conftest.c >&5
configure:2760: $? = 0
configure:2763: test -s conftest.o
configure:2766: $? = 0
configure:2777: result: yes
configure:2740: checking for string.h
configure:2757: gcc -c  -Wall -Wcast-align -O3  conftest.c >&5
configure:2760: $? = 0
configure:2763: test -s conftest.o
configure:2766: $? = 0
configure:2777: result: yes
configure:2740: checking for memory.h
configure:2757: gcc -c  -Wall -Wcast-align -O3  conftest.c >&5
configure:2760: $? = 0
configure:2763: test -s conftest.o
configure:2766: $? = 0
configure:2777: result: yes
configure:2740: checking for strings.h
configure:2757: gcc -c  -Wall -Wcast-align -O3  conftest.c >&5
configure:2760: $? = 0
configure:2763: test -s conftest.o
configure:2766: $? = 0
configure:2777: result: yes
configure:2740: checking for inttypes.h
configure:2757: gcc -c  -Wall -Wcast-align -O3  conftest.c >&5
configure:2760: $? = 0
configure:2763: test -s conftest.o
configure:2766: $? = 0
configure:2777: result: yes
configure:2740: checking for stdint.h
configure:2757: gcc -c  -Wall -Wcast-align -O3  conftest.c >&5
configure:2760: $? = 0
configure:2763: test -s conftest.o
configure:2766: $? = 0
configure:2777: result: yes
configure:2740: checking for unistd.h
configure:2757: gcc -c  -Wall -Wcast-align -O3  conftest.c >&5
configure:2760: $? = 0
configure:2763: test -s conftest.o
configure:2766: $? = 0
configure:2777: result: yes
configure:2813: checking errno.h usability
configure:2826: gcc -c  -Wall -Wcast-align -O3  conftest.c >&5
configure:2829: $? = 0
configure:2832: test -s conftest.o
configure:2835: $? = 0
configure:2845: result: yes
configure:2849: checking errno.h presence
configure:2860: gcc -E  conftest.c
configure:2866: $? = 0
configure:2885: result: yes
configure:2921: checking for errno.h
configure:2928: result: yes
configure:2804: checking for strings.h
configure:2809: result: yes
configure:2804: checking for unistd.h
configure:2809: result: yes
configure:2813: checking arpa/inet.h usability
configure:2826: gcc -c  -Wall -Wcast-align -O3  conftest.c >&5
configure:2829: $? = 0
configure:2832: test -s conftest.o
configure:2835: $? = 0
configure:2845: result: yes
configure:2849: checking arpa/inet.h presence
configure:2860: gcc -E  conftest.c
configure:2866: $? = 0
configure:2885: result: yes
configure:2921: checking for arpa/inet.h
configure:2928: result: yes
configure:2813: checking fcntl.h usability
configure:2826: gcc -c  -Wall -Wcast-align -O3  conftest.c >&5
configure:2829: $? = 0
configure:2832: test -s conftest.o
configure:2835: $? = 0
configure:2845: result: yes
configure:2849: checking fcntl.h presence
configure:2860: gcc -E  conftest.c
configure:2866: $? = 0
configure:2885: result: yes
configure:2921: checking for fcntl.h
configure:2928: result: yes
configure:2813: checking netinet/in.h usability
configure:2826: gcc -c  -Wall -Wcast-align -O3  conftest.c >&5
configure:2829: $? = 0
configure:2832: test -s conftest.o
configure:2835: $? = 0
configure:2845: result: yes
configure:2849: checking netinet/in.h presence
configure:2860: gcc -E  conftest.c
configure:2866: $? = 0
configure:2885: result: yes
configure:2921: checking for netinet/in.h
configure:2928: result: yes
configure:2804: checking for stdlib.h
configure:2809: result: yes
configure:2804: checking for string.h
configure:2809: result: yes
configure:2813: checking sys/socket.h usability
configure:2826: gcc -c  -Wall -Wcast-align -O3  conftest.c >&5
configure:2829: $? = 0
configure:2832: test -s conftest.o
configure:2835: $? = 0
configure:2845: result: yes
configure:2849: checking sys/socket.h presence
configure:2860: gcc -E  conftest.c
configure:2866: $? = 0
configure:2885: result: yes
configure:2921: checking for sys/socket.h
configure:2928: result: yes
configure:2813: checking syslog.h usability
configure:2826: gcc -c  -Wall -Wcast-align -O3  conftest.c >&5
configure:2829: $? = 0
configure:2832: test -s conftest.o
configure:2835: $? = 0
configure:2845: result: yes
configure:2849: checking syslog.h presence
configure:2860: gcc -E  conftest.c
configure:2866: $? = 0
configure:2885: result: yes
configure:2921: checking for syslog.h
configure:2928: result: yes
configure:2804: checking for unistd.h
configure:2809: result: yes
configure:2943: checking for an ANSI C-conforming const
configure:3011: gcc -c  -Wall -Wcast-align -O3  conftest.c >&5
configure: In function `main':
configure:3004: warning: unused variable `s'
configure:3024: warning: unused variable `foo'
configure:2985: warning: unused variable `x'
configure:2991: warning: unused variable `zero'
configure:3003: warning: `t' might be used uninitialized in this function
configure:3021: warning: `b' might be used uninitialized in this function
configure:3014: $? = 0
configure:3017: test -s conftest.o
configure:3020: $? = 0
configure:3031: result: yes
configure:3041: checking for size_t
configure:3066: gcc -c  -Wall -Wcast-align -O3  conftest.c >&5
configure:3069: $? = 0
configure:3072: test -s conftest.o
configure:3075: $? = 0
configure:3086: result: yes
configure:3098: checking whether struct tm is in sys/time.h or time.h
configure:3122: gcc -c  -Wall -Wcast-align -O3  conftest.c >&5
configure: In function `main':
configure:3138: warning: statement with no effect
configure:3125: $? = 0
configure:3128: test -s conftest.o
configure:3131: $? = 0
configure:3142: result: time.h
configure:3154: checking for u_char_t
configure:3179: gcc -c  -Wall -Wcast-align -O3  conftest.c >&5
configure: In function `main':
configure:3225: `u_char_t' undeclared (first use in this function)
configure:3225: (Each undeclared identifier is reported only once
configure:3225: for each function it appears in.)
configure:3225: parse error before ')' token
configure:3182: $? = 1
configure: failed program was:
| #line 3159 "configure"
| /* confdefs.h.  */
| 
| #define PACKAGE_NAME "libbgpdump"
| #define PACKAGE_TARNAME "libbgpdump"
| #define PACKAGE_VERSION "1.4"
| #define PACKAGE_STRING "libbgpdump 1.4"
| #define PACKAGE_BUGREPORT "ris@ripe.net"
| #define STDC_HEADERS 1
| #define HAVE_SYS_TYPES_H 1
| #define HAVE_SYS_STAT_H 1
| #define HAVE_STDLIB_H 1
| #define HAVE_STRING_H 1
| #define HAVE_MEMORY_H 1
| #define HAVE_STRINGS_H 1
| #define HAVE_INTTYPES_H 1
| #define HAVE_STDINT_H 1
| #define HAVE_UNISTD_H 1
| #define HAVE_ERRNO_H 1
| #define HAVE_STRINGS_H 1
| #define HAVE_UNISTD_H 1
| #define HAVE_ARPA_INET_H 1
| #define HAVE_FCNTL_H 1
| #define HAVE_NETINET_IN_H 1
| #define HAVE_STDLIB_H 1
| #define HAVE_STRING_H 1
| #define HAVE_SYS_SOCKET_H 1
| #define HAVE_SYSLOG_H 1
| #define HAVE_UNISTD_H 1
| /* end confdefs.h.  */
| #include <stdio.h>
| #if HAVE_SYS_TYPES_H
| # include <sys/types.h>
| #endif
| #if HAVE_SYS_STAT_H
| # include <sys/stat.h>
| #endif
| #if STDC_HEADERS
| # include <stdlib.h>
| # include <stddef.h>
| #else
| # if HAVE_STDLIB_H
| #  include <stdlib.h>
| # endif
| #endif
| #if HAVE_STRING_H
| # if !STDC_HEADERS && HAVE_MEMORY_H
| #  include <memory.h>
| # endif
| # include <string.h>
| #endif
| #if HAVE_STRINGS_H
| # include <strings.h>
| #endif
| #if HAVE_INTTYPES_H
| # include <inttypes.h>
| #else
| # if HAVE_STDINT_H
| #  include <stdint.h>
| # endif
| #endif
| #if HAVE_UNISTD_H
| # include <unistd.h>
| #endif
| int
| main ()
| {
| if ((u_char_t *) 0)
|   return 0;
| if (sizeof (u_char_t))
|   return 0;
|   ;
|   return 0;
| }
configure:3199: result: no
configure:3211: checking for u_int8_t
configure:3236: gcc -c  -Wall -Wcast-align -O3  conftest.c >&5
configure:3239: $? = 0
configure:3242: test -s conftest.o
configure:3245: $? = 0
configure:3256: result: yes
configure:3268: checking for u_int16_t
configure:3293: gcc -c  -Wall -Wcast-align -O3  conftest.c >&5
configure:3296: $? = 0
configure:3299: test -s conftest.o
configure:3302: $? = 0
configure:3313: result: yes
configure:3325: checking for u_int32_t
configure:3350: gcc -c  -Wall -Wcast-align -O3  conftest.c >&5
configure:3353: $? = 0
configure:3356: test -s conftest.o
configure:3359: $? = 0
configure:3370: result: yes
configure:3384: checking for working memcmp
configure:3433: gcc -o conftest  -Wall -Wcast-align -O3   conftest.c  >&5
configure: In function `main':
configure:3429: warning: implicit declaration of function `memcmp'
configure:3430: warning: implicit declaration of function `exit'
configure:3443: warning: implicit declaration of function `strcpy'
configure:3436: $? = 0
configure:3438: ./conftest
configure:3441: $? = 0
configure:3455: result: yes
configure:3463: checking for memset
configure:3513: gcc -o conftest  -Wall -Wcast-align -O3   conftest.c  >&5
configure:3514: warning: conflicting types for built-in function `memset'
configure:3516: $? = 0
configure:3519: test -s conftest
configure:3522: $? = 0
configure:3533: result: yes
configure:3546: checking for gzopen in -lz
configure:3577: gcc -o conftest  -Wall -Wcast-align -O3   conftest.c -lz   >&5
configure:3580: $? = 0
configure:3583: test -s conftest
configure:3586: $? = 0
configure:3598: result: yes
configure:3619: checking for inet_ntoa
configure:3669: gcc -o conftest  -Wall -Wcast-align -O3   conftest.c -lz  >&5
configure:3672: $? = 0
configure:3675: test -s conftest
configure:3678: $? = 0
configure:3689: result: yes
configure:3779: checking for IPv6 support
configure:3813: gcc -o conftest  -Wall -Wcast-align -O3   conftest.c -lz  >&5
configure:3828: warning: return type defaults to `int'
configure: In function `main':
configure:3832: warning: implicit declaration of function `exit'
configure:3816: $? = 0
configure:3818: ./conftest
configure:3821: $? = 0
configure:3836: result: yes
configure:3948: creating ./config.status

## ---------------------- ##
## Running config.status. ##
## ---------------------- ##

This file was extended by libbgpdump config.status 1.4, which was
generated by GNU Autoconf 2.57.  Invocation command line was

  CONFIG_FILES    = 
  CONFIG_HEADERS  = 
  CONFIG_LINKS    = 
  CONFIG_COMMANDS = 
  $ ./config.status 

on risadmin

config.status:610: creating Makefile
config.status:713: creating bgpdump-config.h
config.status:846: bgpdump-config.h is unchanged

## ---------------- ##
## Cache variables. ##
## ---------------- ##

ac_cv_c_compiler_gnu=yes
ac_cv_c_const=yes
ac_cv_env_CC_set=
ac_cv_env_CC_value=
ac_cv_env_CFLAGS_set=
ac_cv_env_CFLAGS_value=
ac_cv_env_CPPFLAGS_set=
ac_cv_env_CPPFLAGS_value=
ac_cv_env_CPP_set=
ac_cv_env_CPP_value=
ac_cv_env_LDFLAGS_set=
ac_cv_env_LDFLAGS_value=
ac_cv_env_build_alias_set=
ac_cv_env_build_alias_value=
ac_cv_env_host_alias_set=
ac_cv_env_host_alias_value=
ac_cv_env_target_alias_set=
ac_cv_env_target_alias_value=
ac_cv_exeext=
ac_cv_func_inet_ntoa=yes
ac_cv_func_memcmp_working=yes
ac_cv_func_memset=yes
ac_cv_header_arpa_inet_h=yes
ac_cv_header_errno_h=yes
ac_cv_header_fcntl_h=yes
ac_cv_header_inttypes_h=yes
ac_cv_header_memory_h=yes
ac_cv_header_netinet_in_h=yes
ac_cv_header_stdc=yes
ac_cv_header_stdint_h=yes
ac_cv_header_stdlib_h=yes
ac_cv_header_string_h=yes
ac_cv_header_strings_h=yes
ac_cv_header_sys_socket_h=yes
ac_cv_header_sys_stat_h=yes
ac_cv_header_sys_types_h=yes
ac_cv_header_syslog_h=yes
ac_cv_header_unistd_h=yes
ac_cv_lib_z_gzopen=yes
ac_cv_objext=o
ac_cv_path_AR=/usr/bin/ar
ac_cv_prog_CPP='gcc -E'
ac_cv_prog_ac_ct_CC=gcc
ac_cv_prog_ac_ct_RANLIB=ranlib
ac_cv_prog_cc_g=yes
ac_cv_prog_cc_stdc=
ac_cv_prog_egrep='grep -E'
ac_cv_struct_tm=time.h
ac_cv_type_size_t=yes
ac_cv_type_u_char_t=no
ac_cv_type_u_int16_t=yes
ac_cv_type_u_int32_t=yes
ac_cv_type_u_int8_t=yes

## ----------------- ##
## Output variables. ##
## ----------------- ##

AR='/usr/bin/ar'
CC='gcc'
CFLAGS=' -Wall -Wcast-align -O3'
CPP='gcc -E'
CPPFLAGS=''
DEFS='-DHAVE_CONFIG_H'
ECHO_C=''
ECHO_N='-n'
ECHO_T=''
EGREP='grep -E'
EXEEXT=''
LDFLAGS=''
LIBOBJS=''
LIBS='-lz '
LTLIBOBJS=''
OBJEXT='o'
PACKAGE_BUGREPORT='ris@ripe.net'
PACKAGE_NAME='libbgpdump'
PACKAGE_STRING='libbgpdump 1.4'
PACKAGE_TARNAME='libbgpdump'
PACKAGE_VERSION='1.4'
PATH_SEPARATOR=':'
RANLIB='ranlib'
SHELL='/bin/sh'
ac_ct_CC='gcc'
ac_ct_RANLIB='ranlib'
bindir='${exec_prefix}/bin'
build_alias=''
datadir='${prefix}/share'
exec_prefix='${prefix}'
host_alias=''
includedir='${prefix}/include'
infodir='${prefix}/info'
libdir='${exec_prefix}/lib'
libexecdir='${exec_prefix}/libexec'
localstatedir='${prefix}/var'
mandir='${prefix}/man'
oldincludedir='/usr/include'
prefix='/usr/local'
program_transform_name='s,x,x,'
sbindir='${exec_prefix}/sbin'
sharedstatedir='${prefix}/com'
sysconfdir='${prefix}/etc'
target_alias=''

## ----------- ##
## confdefs.h. ##
## ----------- ##

#define BGPDUMP_HAVE_IPV6 1
#define HAVE_ARPA_INET_H 1
#define HAVE_ERRNO_H 1
#define HAVE_FCNTL_H 1
#define HAVE_INET_NTOA 1
#define HAVE_INTTYPES_H 1
#define HAVE_LIBZ 1
#define HAVE_MEMORY_H 1
#define HAVE_MEMSET 1
#define HAVE_NETINET_IN_H 1
#define HAVE_STDINT_H 1
#define HAVE_STDLIB_H 1
#define HAVE_STDLIB_H 1
#define HAVE_STRINGS_H 1
#define HAVE_STRINGS_H 1
#define HAVE_STRING_H 1
#define HAVE_STRING_H 1
#define HAVE_SYSLOG_H 1
#define HAVE_SYS_SOCKET_H 1
#define HAVE_SYS_STAT_H 1
#define HAVE_SYS_TYPES_H 1
#define HAVE_UNISTD_H 1
#define HAVE_UNISTD_H 1
#define HAVE_UNISTD_H 1
#define PACKAGE_BUGREPORT "ris@ripe.net"
#define PACKAGE_NAME "libbgpdump"
#define PACKAGE_STRING "libbgpdump 1.4"
#define PACKAGE_TARNAME "libbgpdump"
#define PACKAGE_VERSION "1.4"
#define STDC_HEADERS 1
#define u_char_t uchar_t

configure: exit 0
